{
  "RSpec": {
    "coverage": {
      "/Users/admin/Dropbox/projects/main_course/Week_9/Memeories/spec/features/image_search_spec.rb": [
        1,
        null,
        1,
        null,
        1,
        1,
        1,
        1,
        null,
        null,
        1,
        1,
        1,
        1,
        null,
        null,
        1,
        1,
        1,
        1,
        1,
        1,
        null,
        null,
        1,
        1,
        1,
        1,
        null,
        null,
        null
      ],
      "/Users/admin/Dropbox/projects/main_course/Week_9/Memeories/spec/features/logging_in_out_spec.rb": [
        1,
        1,
        4,
        null,
        1,
        1,
        1,
        1,
        1,
        1,
        null,
        null,
        null,
        1,
        1,
        1,
        1,
        null,
        null,
        1,
        1,
        1,
        null,
        null,
        null,
        null,
        1,
        1,
        1,
        1,
        1,
        1,
        null,
        null,
        null,
        null
      ],
      "/Users/admin/Dropbox/projects/main_course/Week_9/Memeories/spec/features/signing_in_spec.rb": [
        1,
        1,
        1,
        1,
        1,
        1,
        1,
        1,
        null,
        null,
        null,
        1,
        1,
        1,
        1,
        1,
        1,
        null,
        null,
        1,
        1,
        1,
        1,
        1,
        null,
        null,
        1,
        1,
        1,
        1,
        1,
        null,
        null,
        1,
        1,
        1,
        1,
        1,
        1,
        1,
        null,
        null,
        null
      ],
      "/Users/admin/Dropbox/projects/main_course/Week_9/Memeories/spec/models/meme_spec.rb": [
        1,
        null,
        1,
        null,
        1,
        1,
        1,
        null,
        null,
        null
      ],
      "/Users/admin/Dropbox/projects/main_course/Week_9/Memeories/app/models/meme.rb": [
        1,
        null,
        1,
        null,
        null
      ],
      "/Users/admin/Dropbox/projects/main_course/Week_9/Memeories/app/controllers/memes_controller.rb": [
        1,
        1,
        1,
        1,
        null,
        1,
        null,
        1,
        null,
        1,
        null,
        1,
        null,
        null,
        1,
        3,
        3,
        3,
        3,
        null,
        null,
        1,
        6,
        null,
        null,
        1,
        1,
        1,
        1,
        1,
        null,
        0,
        0,
        null,
        null,
        null,
        null
      ],
      "/Users/admin/Dropbox/projects/main_course/Week_9/Memeories/app/models/search.rb": [
        1,
        1,
        3,
        null,
        1,
        6,
        6,
        6,
        null,
        null
      ],
      "/Users/admin/Dropbox/projects/main_course/Week_9/Memeories/app/controllers/application_controller.rb": [
        1,
        null,
        null,
        1,
        null
      ],
      "/Users/admin/Dropbox/projects/main_course/Week_9/Memeories/app/controllers/registrations_controller.rb": [
        1,
        null,
        1,
        9,
        null,
        null,
        null
      ]
    },
    "timestamp": 1465410053
  }
}
