{
  "RSpec": {
    "coverage": {
      "/Users/amynicholson/Documents/MAKERS/Memeories/spec/features/image_search_spec.rb": [
        1,
        null,
        1,
        null,
        1,
        1,
        1,
        null,
        null,
        1,
        1,
        1,
        null,
        null,
        null
      ],
      "/Users/amynicholson/Documents/MAKERS/Memeories/spec/features/logging_in_out_spec.rb": [
        1,
        1,
        4,
        null,
        1,
        1,
        1,
        1,
        1,
        1,
        null,
        null,
        null,
        1,
        1,
        1,
        1,
        null,
        null,
        1,
        1,
        1,
        null,
        null,
        null,
        null,
        1,
        1,
        1,
        1,
        1,
        1,
        null,
        null,
        null,
        null
      ],
      "/Users/amynicholson/Documents/MAKERS/Memeories/spec/features/signing_in_spec.rb": [
        1,
        1,
        1,
        1,
        1,
        1,
        1,
        1,
        null,
        null,
        null,
        1,
        1,
        1,
        1,
        1,
        1,
        null,
        null,
        1,
        1,
        1,
        1,
        1,
        null,
        null,
        1,
        1,
        1,
        1,
        1,
        null,
        null,
        1,
        1,
        1,
        1,
        1,
        1,
        1,
        null,
        null,
        null
      ],
      "/Users/amynicholson/Documents/MAKERS/Memeories/app/controllers/memes_controller.rb": [
        1,
        1,
        1,
        1,
        null,
        1,
        null,
        1,
        null,
        1,
        null,
        null,
        1,
        2,
        2,
        2,
        2,
        null,
        null,
        1,
        4,
        null,
        null,
        null,
        null
      ],
      "/Users/amynicholson/Documents/MAKERS/Memeories/app/models/search.rb": [
        1,
        1,
        2,
        null,
        1,
        4,
        4,
        4,
        null,
        null
      ],
      "/Users/amynicholson/Documents/MAKERS/Memeories/app/controllers/application_controller.rb": [
        1,
        null,
        null,
        1,
        null
      ],
      "/Users/amynicholson/Documents/MAKERS/Memeories/app/controllers/registrations_controller.rb": [
        1,
        null,
        1,
        6,
        null,
        null,
        null
      ]
    },
    "timestamp": 1465374116
  }
}
